This file contains any messages produced by compilers while
running configure, to aid debugging if configure makes a mistake.

It was created by MinGW libgnurx configure 2.5.1, which was
generated by GNU Autoconf 2.59.  Invocation command line was

  $ ./configure 

## --------- ##
## Platform. ##
## --------- ##

hostname = MARTE
uname -m = x86_64
uname -r = 3.4.6.x86_64
uname -s = MSYS_NT-10.0-19044
uname -v = 2023-04-01 11:43 UTC

/usr/bin/uname -p = unknown
/bin/uname -X     = unknown

/bin/arch              = x86_64
/usr/bin/arch -k       = unknown
/usr/convex/getsysinfo = unknown
hostinfo               = unknown
/bin/machine           = unknown
/usr/bin/oslevel       = unknown
/bin/universe          = unknown

PATH: /usr/local/bin
PATH: /usr/bin
PATH: /bin
PATH: /opt/bin
PATH: /c/Windows/System32
PATH: /c/Windows
PATH: /c/Windows/System32/Wbem
PATH: /c/Windows/System32/WindowsPowerShell/v1.0/
PATH: /usr/bin/site_perl
PATH: /usr/bin/vendor_perl
PATH: /usr/bin/core_perl


## ----------- ##
## Core tests. ##
## ----------- ##

configure:1159: loading site script /etc/config.site
| # This file is in public domain.
| # Original author: Karlson2k (Evgeny Grin)
| # Written for MSys2 to help running 'configure' scripts
| 
| # Defaults for MSys2/MinGW64-targeted programs
| 
| # Set proper selfname on bash and fallback to default name on other shells
| test -n "${BASH_SOURCE}" 2>/dev/null && config_site_me="${BASH_SOURCE[0]##*/}" || config_site_me=config.site
| 
| # Set default 'host' to speedup configure
| if test -z "$build_alias"; then
|   build_alias="${MSYSTEM_CHOST}"  && \
|     ${as_echo-echo} "$config_site_me:${as_lineno-$LINENO}: default build_alias set to $build_alias" >&5
| fi
| 
| # Set default 'prefix'
| if ( test -z "$prefix" || test "x$prefix" = "xNONE" ) && \
|     ( test -z "$exec_prefix" || test "x$exec_prefix" = "xNONE" ); then
|   prefix="${MSYSTEM_PREFIX}" && \
|     ${as_echo-echo} "$config_site_me:${as_lineno-$LINENO}: default prefix set to $prefix" >&5
| fi
config.site:13: default build_alias set to x86_64-pc-msys
config.site:20: default prefix set to /usr
configure:1315: checking for gcc
configure:1331: found /usr/bin/gcc
configure:1341: result: gcc
configure:1585: checking for C compiler version
configure:1588: gcc --version </dev/null >&5
gcc (GCC) 11.3.0
Copyright (C) 2021 Free Software Foundation, Inc.
This is free software; see the source for copying conditions.  There is NO
warranty; not even for MERCHANTABILITY or FITNESS FOR A PARTICULAR PURPOSE.

configure:1591: $? = 0
configure:1593: gcc -v </dev/null >&5
Using built-in specs.
COLLECT_GCC=gcc
COLLECT_LTO_WRAPPER=/usr/lib/gcc/x86_64-pc-msys/11.3.0/lto-wrapper.exe
Target: x86_64-pc-msys
Configured with: /c/S/gcc/src/gcc-11.3.0/configure --build=x86_64-pc-msys --prefix=/usr --libexecdir=/usr/lib --enable-bootstrap --enable-shared --enable-shared-libgcc --enable-static --enable-version-specific-runtime-libs --with-arch=x86-64 --with-tune=generic --disable-multilib --enable-__cxa_atexit --with-dwarf2 --enable-languages=c,c++,fortran,lto --enable-graphite --enable-threads=posix --enable-libatomic --enable-libgomp --disable-libitm --enable-libquadmath --enable-libquadmath-support --disable-libssp --disable-win32-registry --disable-symvers --with-gnu-ld --with-gnu-as --disable-isl-version-check --enable-checking=release --without-libiconv-prefix --without-libintl-prefix --with-system-zlib --enable-linker-build-id --with-default-libstdcxx-abi=gcc4-compatible --enable-libstdcxx-filesystem-ts
Thread model: posix
Supported LTO compression algorithms: zlib
gcc version 11.3.0 (GCC) 
configure:1596: $? = 0
configure:1598: gcc -V </dev/null >&5
gcc: error: unrecognized command-line option '-V'
gcc: fatal error: no input files
compilation terminated.
configure:1601: $? = 1
configure:1624: checking for C compiler default output file name
configure:1627: gcc    conftest.c  >&5
configure:1630: $? = 0
configure:1676: result: a.exe
configure:1681: checking whether the C compiler works
configure:1687: ./a.exe
configure:1690: $? = 0
configure:1707: result: yes
configure:1714: checking whether we are cross compiling
configure:1716: result: no
configure:1719: checking for suffix of executables
configure:1721: gcc -o conftest.exe    conftest.c  >&5
configure:1724: $? = 0
configure:1749: result: .exe
configure:1755: checking for suffix of object files
configure:1776: gcc -c   conftest.c >&5
configure:1779: $? = 0
configure:1801: result: o
configure:1805: checking whether we are using the GNU C compiler
configure:1829: gcc -c   conftest.c >&5
configure:1835: $? = 0
configure:1839: test -z 
			 || test ! -s conftest.err
configure:1842: $? = 0
configure:1845: test -s conftest.o
configure:1848: $? = 0
configure:1861: result: yes
configure:1867: checking whether gcc accepts -g
configure:1888: gcc -c -g  conftest.c >&5
configure:1894: $? = 0
configure:1898: test -z 
			 || test ! -s conftest.err
configure:1901: $? = 0
configure:1904: test -s conftest.o
configure:1907: $? = 0
configure:1918: result: yes
configure:1935: checking for gcc option to accept ANSI C
configure:2005: gcc  -c -g -O2  conftest.c >&5
configure:2011: $? = 0
configure:2015: test -z 
			 || test ! -s conftest.err
configure:2018: $? = 0
configure:2021: test -s conftest.o
configure:2024: $? = 0
configure:2042: result: none needed
configure:2060: gcc -c -g -O2  conftest.c >&5
conftest.c:2:3: error: unknown type name 'choke'
    2 |   choke me
      |   ^~~~~
conftest.c:2:3: error: expected '=', ',', ';', 'asm' or '__attribute__' at end of input
configure:2066: $? = 1
configure: failed program was:
| #ifndef __cplusplus
|   choke me
| #endif
configure:2207: checking whether gcc accepts the -mthreads option
configure:2211: result: yes
configure:2220: checking whether gcc accepts the -mtune=pentium3 option
cc1: error: CPU you selected does not support x86-64 instruction set
configure:2228: result: no
failed program was:
| int main(void){return 0;}
configure:2315: checking for lib
configure:2344: result: no
configure:2525: creating ./config.status

## ---------------------- ##
## Running config.status. ##
## ---------------------- ##

This file was extended by MinGW libgnurx config.status 2.5.1, which was
generated by GNU Autoconf 2.59.  Invocation command line was

  CONFIG_FILES    = 
  CONFIG_HEADERS  = 
  CONFIG_LINKS    = 
  CONFIG_COMMANDS = 
  $ ./config.status 

on MARTE

config.status:639: creating Makefile

## ---------------- ##
## Cache variables. ##
## ---------------- ##

ac_cv_c_compiler_gnu=yes
ac_cv_env_CC_set=
ac_cv_env_CC_value=
ac_cv_env_CFLAGS_set=
ac_cv_env_CFLAGS_value=
ac_cv_env_CPPFLAGS_set=
ac_cv_env_CPPFLAGS_value=
ac_cv_env_LDFLAGS_set=
ac_cv_env_LDFLAGS_value=
ac_cv_env_build_alias_set=
ac_cv_env_build_alias_value=
ac_cv_env_host_alias_set=
ac_cv_env_host_alias_value=
ac_cv_env_target_alias_set=
ac_cv_env_target_alias_value=
ac_cv_exeext=.exe
ac_cv_objext=o
ac_cv_prog_ac_ct_CC=gcc
ac_cv_prog_cc_g=yes
ac_cv_prog_cc_stdc=

## ----------------- ##
## Output variables. ##
## ----------------- ##

CC='gcc'
CC_QUALIFIED='gcc -mthreads'
CFLAGS='-g -O2'
CPPFLAGS=''
DEFS='-DPACKAGE_NAME=\"MinGW\ libgnurx\" -DPACKAGE_TARNAME=\"mingw-libgnurx\" -DPACKAGE_VERSION=\"2.5.1\" -DPACKAGE_STRING=\"MinGW\ libgnurx\ 2.5.1\" -DPACKAGE_BUGREPORT=\"https://sourceforge.net/tracker/\?group_id=2435\&atid=102435\" '
DLLVERSION='0'
ECHO_C=''
ECHO_N='-n'
ECHO_T=''
EXEEXT='.exe'
GNURX_LIB=''
LDFLAGS=' -Wl,--enable-auto-image-base -Wl,--out-implib,libgnurx.dll.a'
LIBOBJS=''
LIBS=''
LTLIBOBJS=''
MSVCLIB=''
OBJEXT='o'
PACKAGE_BUGREPORT='https://sourceforge.net/tracker/?group_id=2435&atid=102435'
PACKAGE_NAME='MinGW libgnurx'
PACKAGE_STRING='MinGW libgnurx 2.5.1'
PACKAGE_TARNAME='mingw-libgnurx'
PACKAGE_VERSION='2.5.1'
PATH_SEPARATOR=':'
SHELL='/bin/sh'
ZIPCMD='tar czhf'
ZIPEXT='.tar.gz'
ac_ct_CC='gcc'
ac_ct_MSVCLIB=''
bindir='${exec_prefix}/bin'
build_alias='x86_64-pc-msys'
datadir='${prefix}/share'
exec_prefix='${prefix}'
host_alias=''
includedir='${prefix}/include'
infodir='${prefix}/info'
install_dev='install-dev'
libdir='${exec_prefix}/lib'
libexecdir='${exec_prefix}/libexec'
localstatedir='${prefix}/var'
mandir='${prefix}/man'
oldincludedir='/usr/include'
prefix='/usr'
program_transform_name='s,x,x,'
sbindir='${exec_prefix}/sbin'
sharedstatedir='${prefix}/com'
sysconfdir='${prefix}/etc'
target_alias=''

## ----------- ##
## confdefs.h. ##
## ----------- ##

#define PACKAGE_BUGREPORT "https://sourceforge.net/tracker/?group_id=2435&atid=102435"
#define PACKAGE_NAME "MinGW libgnurx"
#define PACKAGE_STRING "MinGW libgnurx 2.5.1"
#define PACKAGE_TARNAME "mingw-libgnurx"
#define PACKAGE_VERSION "2.5.1"

configure: exit 0
